Arguments: 
  /usr/local/Cellar/node@16/16.18.1/bin/node /usr/local/Cellar/yarn/1.22.19/libexec/bin/yarn.js install

PATH: 
  /Library/Frameworks/Python.framework/Versions/3.9/bin:/usr/local/bin:/usr/bin:/bin:/usr/sbin:/sbin:/usr/local/go/bin:/Library/Apple/usr/bin:/Library/Frameworks/Python.framework/Versions/3.9/bin:/Users/lelianto/.sdkman/candidates/java/current/bin:/usr/local/mongodb/bin:/usr/local/mongodb/bin

Yarn version: 
  1.22.19

Node version: 
  16.18.1

Platform: 
  darwin x64

Trace: 
  SyntaxError: /Users/lelianto/Documents/Learn/Microfrontend/my-micro-fe/packages/dashboard/package.json: Unexpected token } in JSON at position 536
      at JSON.parse (<anonymous>)
      at /usr/local/Cellar/yarn/1.22.19/libexec/lib/cli.js:1629:59
      at Generator.next (<anonymous>)
      at step (/usr/local/Cellar/yarn/1.22.19/libexec/lib/cli.js:310:30)
      at /usr/local/Cellar/yarn/1.22.19/libexec/lib/cli.js:321:13

npm manifest: 
  {
    "name": "@myapp/dashboard",
    "version": "0.1.0",
    "private": true,
    "scripts": {
      "dev": "next dev -p 3051",
      "build": "next build",
      "start": "next start",
      "lint": "next lint"
    },
    "dependencies": {
      "@myapp/hooks": "1.0.0",
      "@next/font": "13.1.6",
      "@types/node": "18.14.0",
      "@types/react": "18.0.28",
      "@types/react-dom": "18.0.11",
      "eslint": "8.34.0",
      "eslint-config-next": "13.1.6",
      "next": "13.1.6",
      "react": "18.2.0",
      "react-dom": "18.2.0",
      "typescript": "4.9.5",
    }
  }

yarn manifest: 
  No manifest

Lockfile: 
  No lockfile
